<?xml version="1.0" encoding="UTF-8"?>
<!-- Generated by org.testng.reporters.JUnitXMLReporter -->
<testsuite ignored="0" hostname="Enikos-MacBook-Pro.local" failures="2" tests="6" name="Command line test" time="45.036" errors="0" timestamp="13 Apr 2020 15:49:07 GMT">
  <testcase classname="CompaniesTest" name="addAndDeleteAssociate" time="4.546">
    <failure type="java.lang.AssertionError" message="The associate number is not correct expected [2] but found [3]">
      <![CDATA[java.lang.AssertionError: The associate number is not correct expected [2] but found [3]at CompaniesTest.addAndDeleteAssociate(CompaniesTest.java:160)... Removed 40 stack frames]]>
    </failure>
  </testcase> <!-- addAndDeleteAssociate -->
  <testcase classname="CompaniesTest" name="createCompany" time="2.9"/>
  <testcase classname="CompaniesTest" name="createCompanyWithAllData" time="5.835"/>
  <testcase classname="CompaniesTest" name="deleteCompany" time="13.464">
    <failure type="org.openqa.selenium.TimeoutException" message="Expected condition failed: waiting for visibility of element located by By.cssSelector: section.companies-list (tried for 10 second(s) with 500 MILLISECONDS interval)">
      <![CDATA[org.openqa.selenium.TimeoutException: Expected condition failed: waiting for visibility of element located by By.cssSelector: section.companies-list (tried for 10 second(s) with 500 MILLISECONDS interval)at org.openqa.selenium.support.ui.WebDriverWait.timeoutException(WebDriverWait.java:82)at org.openqa.selenium.support.ui.FluentWait.until(FluentWait.java:231)at page.objects.BasePage.waitUntil(BasePage.java:26)at page.objects.BasePage.<init>(BasePage.java:18)at page.objects.CompaniesPage.<init>(CompaniesPage.java:20)at page.objects.CompanyDetailPage.deleteCompany(CompanyDetailPage.java:40)at CompaniesTest.deleteCompany(CompaniesTest.java:122)Caused by: org.openqa.selenium.NoSuchElementException: Cannot locate an element using By.cssSelector: section.companies-listFor documentation on this error, please visit: http://seleniumhq.org/exceptions/no_such_element.htmlBuild info: version: '3.8.1', revision: '6e95a6684b', time: '2017-12-01T18:33:54.468Z'System info: host: 'Enikos-MacBook-Pro.local', ip: 'fe80:0:0:0:448:a2cd:d926:9d5e%en0', os.name: 'Mac OS X', os.arch: 'x86_64', os.version: '10.13.4', java.version: '10.0.2'Driver info: driver.version: unknownat org.openqa.selenium.support.ui.ExpectedConditions.lambda$findElement$0(ExpectedConditions.java:882)at java.base/java.util.Optional.orElseThrow(Optional.java:397)at org.openqa.selenium.support.ui.ExpectedConditions.findElement(ExpectedConditions.java:881)at org.openqa.selenium.support.ui.ExpectedConditions.access$000(ExpectedConditions.java:43)at org.openqa.selenium.support.ui.ExpectedConditions$7.apply(ExpectedConditions.java:205)at org.openqa.selenium.support.ui.ExpectedConditions$7.apply(ExpectedConditions.java:201)at org.openqa.selenium.support.ui.FluentWait.until(FluentWait.java:208)... 40 more... Removed 35 stack frames]]>
    </failure>
  </testcase> <!-- deleteCompany -->
  <testcase classname="CompaniesTest" name="moveSlider" time="4.665"/>
  <testcase classname="CompaniesTest" name="validation" time="1.594"/>
</testsuite> <!-- Command line test -->
