{"name":"Delete a company from list","status":"broken","statusDetails":{"known":false,"muted":false,"flaky":false,"message":"Expected condition failed: waiting for visibility of element located by By.cssSelector: div.mat-tab-links (tried for 10 second(s) with 500 MILLISECONDS interval)","trace":"org.openqa.selenium.TimeoutException: Expected condition failed: waiting for visibility of element located by By.cssSelector: div.mat-tab-links (tried for 10 second(s) with 500 MILLISECONDS interval)\n\tat org.openqa.selenium.support.ui.WebDriverWait.timeoutException(WebDriverWait.java:82)\n\tat org.openqa.selenium.support.ui.FluentWait.until(FluentWait.java:231)\n\tat page.objects.BasePage.waitUntil(BasePage.java:26)\n\tat page.objects.BasePage.<init>(BasePage.java:18)\n\tat page.objects.CompanyDetailPage.<init>(CompanyDetailPage.java:33)\n\tat page.objects.CompaniesPage.navigateToTheCompanyDetailPage(CompaniesPage.java:32)\n\tat CompaniesTest.deleteCompany(CompaniesTest.java:121)\n\tat java.base/jdk.internal.reflect.NativeMethodAccessorImpl.invoke0(Native Method)\n\tat java.base/jdk.internal.reflect.NativeMethodAccessorImpl.invoke(NativeMethodAccessorImpl.java:62)\n\tat java.base/jdk.internal.reflect.DelegatingMethodAccessorImpl.invoke(DelegatingMethodAccessorImpl.java:43)\n\tat java.base/java.lang.reflect.Method.invoke(Method.java:564)\n\tat org.testng.internal.MethodInvocationHelper.invokeMethod(MethodInvocationHelper.java:124)\n\tat org.testng.internal.Invoker.invokeMethod(Invoker.java:571)\n\tat org.testng.internal.Invoker.invokeTestMethod(Invoker.java:707)\n\tat org.testng.internal.Invoker.invokeTestMethods(Invoker.java:979)\n\tat org.testng.internal.TestMethodWorker.invokeTestMethods(TestMethodWorker.java:125)\n\tat org.testng.internal.TestMethodWorker.run(TestMethodWorker.java:109)\n\tat org.testng.TestRunner.privateRun(TestRunner.java:648)\n\tat org.testng.TestRunner.run(TestRunner.java:505)\n\tat org.testng.SuiteRunner.runTest(SuiteRunner.java:455)\n\tat org.testng.SuiteRunner.runSequentially(SuiteRunner.java:450)\n\tat org.testng.SuiteRunner.privateRun(SuiteRunner.java:415)\n\tat org.testng.SuiteRunner.run(SuiteRunner.java:364)\n\tat org.testng.SuiteRunnerWorker.runSuite(SuiteRunnerWorker.java:52)\n\tat org.testng.SuiteRunnerWorker.run(SuiteRunnerWorker.java:84)\n\tat org.testng.TestNG.runSuitesSequentially(TestNG.java:1187)\n\tat org.testng.TestNG.runSuitesLocally(TestNG.java:1116)\n\tat org.testng.TestNG.runSuites(TestNG.java:1028)\n\tat org.testng.TestNG.run(TestNG.java:996)\n\tat org.apache.maven.surefire.testng.TestNGExecutor.run(TestNGExecutor.java:77)\n\tat org.apache.maven.surefire.testng.TestNGDirectoryTestSuite.executeMulti(TestNGDirectoryTestSuite.java:159)\n\tat org.apache.maven.surefire.testng.TestNGDirectoryTestSuite.execute(TestNGDirectoryTestSuite.java:99)\n\tat org.apache.maven.surefire.testng.TestNGProvider.invoke(TestNGProvider.java:106)\n\tat java.base/jdk.internal.reflect.NativeMethodAccessorImpl.invoke0(Native Method)\n\tat java.base/jdk.internal.reflect.NativeMethodAccessorImpl.invoke(NativeMethodAccessorImpl.java:62)\n\tat java.base/jdk.internal.reflect.DelegatingMethodAccessorImpl.invoke(DelegatingMethodAccessorImpl.java:43)\n\tat java.base/java.lang.reflect.Method.invoke(Method.java:564)\n\tat org.apache.maven.surefire.util.ReflectionUtils.invokeMethodWithArray(ReflectionUtils.java:189)\n\tat org.apache.maven.surefire.booter.ProviderFactory$ProviderProxy.invoke(ProviderFactory.java:165)\n\tat org.apache.maven.surefire.booter.ProviderFactory.invokeProvider(ProviderFactory.java:85)\n\tat org.apache.maven.surefire.booter.ForkedBooter.runSuitesInProcess(ForkedBooter.java:115)\n\tat org.apache.maven.surefire.booter.ForkedBooter.main(ForkedBooter.java:75)\nCaused by: org.openqa.selenium.NoSuchElementException: Cannot locate an element using By.cssSelector: div.mat-tab-links\nFor documentation on this error, please visit: http://seleniumhq.org/exceptions/no_such_element.html\nBuild info: version: '3.8.1', revision: '6e95a6684b', time: '2017-12-01T18:33:54.468Z'\nSystem info: host: 'Enikos-MacBook-Pro.local', ip: 'fe80:0:0:0:1451:8fa8:b161:fff%en0', os.name: 'Mac OS X', os.arch: 'x86_64', os.version: '10.13.4', java.version: '10.0.2'\nDriver info: driver.version: unknown\n\tat org.openqa.selenium.support.ui.ExpectedConditions.lambda$findElement$0(ExpectedConditions.java:882)\n\tat java.base/java.util.Optional.orElseThrow(Optional.java:397)\n\tat org.openqa.selenium.support.ui.ExpectedConditions.findElement(ExpectedConditions.java:881)\n\tat org.openqa.selenium.support.ui.ExpectedConditions.access$000(ExpectedConditions.java:43)\n\tat org.openqa.selenium.support.ui.ExpectedConditions$7.apply(ExpectedConditions.java:205)\n\tat org.openqa.selenium.support.ui.ExpectedConditions$7.apply(ExpectedConditions.java:201)\n\tat org.openqa.selenium.support.ui.FluentWait.until(FluentWait.java:208)\n\t... 40 more\n"},"stage":"finished","steps":[],"attachments":[],"parameters":[],"start":1586774373644,"stop":1586774386487,"uuid":"cb984bd6-3e78-492f-b179-b7172495ef27","historyId":"19ffb26aa8dcc36ed897733bdd3a3f31","fullName":"CompaniesTest.deleteCompany","labels":[{"name":"package","value":"CompaniesTest"},{"name":"testClass","value":"CompaniesTest"},{"name":"testMethod","value":"deleteCompany"},{"name":"parentSuite","value":"Command line suite"},{"name":"suite","value":"Command line test"},{"name":"subSuite","value":"CompaniesTest"},{"name":"host","value":"Enikos-MacBook-Pro.local"},{"name":"thread","value":"6942@Enikos-MacBook-Pro.local.main(1)"},{"name":"framework","value":"testng"},{"name":"language","value":"java"}],"links":[]}