<?xml version="1.0" encoding="UTF-8"?>
<testng-results ignored="0" total="6" passed="4" failed="2" skipped="0">
  <reporter-output>
  </reporter-output>
  <suite started-at="2020-04-13T15:48:22Z" name="Command line suite" finished-at="2020-04-13T15:49:07Z" duration-ms="45036">
    <groups>
    </groups>
    <test started-at="2020-04-13T15:48:22Z" name="Command line test" finished-at="2020-04-13T15:49:07Z" duration-ms="45036">
      <class name="CompaniesTest">
        <test-method is-config="true" signature="setup()[pri:0, instance:CompaniesTest@f1da57d]" started-at="2020-04-13T18:48:22Z" name="setup" finished-at="2020-04-13T18:48:33Z" duration-ms="10249" status="PASS">
          <reporter-output>
          </reporter-output>
        </test-method> <!-- setup -->
        <test-method is-config="true" signature="navigateToCompaniesPage()[pri:0, instance:CompaniesTest@f1da57d]" started-at="2020-04-13T18:48:33Z" name="navigateToCompaniesPage" description="Navigate to the companies page before every test" finished-at="2020-04-13T18:48:33Z" duration-ms="675" status="PASS">
          <reporter-output>
          </reporter-output>
        </test-method> <!-- navigateToCompaniesPage -->
        <test-method signature="addAndDeleteAssociate()[pri:0, instance:CompaniesTest@f1da57d]" started-at="2020-04-13T18:48:33Z" name="addAndDeleteAssociate" description="Add and delete associate during company creation" finished-at="2020-04-13T18:48:38Z" duration-ms="4546" status="FAIL">
          <exception class="java.lang.AssertionError">
            <message>
              <![CDATA[The associate number is not correct expected [2] but found [3]]]>
            </message>
            <full-stacktrace>
              <![CDATA[java.lang.AssertionError: The associate number is not correct expected [2] but found [3]at org.testng.Assert.fail(Assert.java:96)at org.testng.Assert.failNotEquals(Assert.java:776)at org.testng.Assert.assertEqualsImpl(Assert.java:137)at org.testng.Assert.assertEquals(Assert.java:118)at org.testng.Assert.assertEquals(Assert.java:652)at CompaniesTest.addAndDeleteAssociate(CompaniesTest.java:160)at java.base/jdk.internal.reflect.NativeMethodAccessorImpl.invoke0(Native Method)at java.base/jdk.internal.reflect.NativeMethodAccessorImpl.invoke(NativeMethodAccessorImpl.java:62)at java.base/jdk.internal.reflect.DelegatingMethodAccessorImpl.invoke(DelegatingMethodAccessorImpl.java:43)at java.base/java.lang.reflect.Method.invoke(Method.java:564)at org.testng.internal.MethodInvocationHelper.invokeMethod(MethodInvocationHelper.java:124)at org.testng.internal.Invoker.invokeMethod(Invoker.java:571)at org.testng.internal.Invoker.invokeTestMethod(Invoker.java:707)at org.testng.internal.Invoker.invokeTestMethods(Invoker.java:979)at org.testng.internal.TestMethodWorker.invokeTestMethods(TestMethodWorker.java:125)at org.testng.internal.TestMethodWorker.run(TestMethodWorker.java:109)at org.testng.TestRunner.privateRun(TestRunner.java:648)at org.testng.TestRunner.run(TestRunner.java:505)at org.testng.SuiteRunner.runTest(SuiteRunner.java:455)at org.testng.SuiteRunner.runSequentially(SuiteRunner.java:450)at org.testng.SuiteRunner.privateRun(SuiteRunner.java:415)at org.testng.SuiteRunner.run(SuiteRunner.java:364)at org.testng.SuiteRunnerWorker.runSuite(SuiteRunnerWorker.java:52)at org.testng.SuiteRunnerWorker.run(SuiteRunnerWorker.java:84)at org.testng.TestNG.runSuitesSequentially(TestNG.java:1187)at org.testng.TestNG.runSuitesLocally(TestNG.java:1116)at org.testng.TestNG.runSuites(TestNG.java:1028)at org.testng.TestNG.run(TestNG.java:996)at org.apache.maven.surefire.testng.TestNGExecutor.run(TestNGExecutor.java:77)at org.apache.maven.surefire.testng.TestNGDirectoryTestSuite.executeMulti(TestNGDirectoryTestSuite.java:159)at org.apache.maven.surefire.testng.TestNGDirectoryTestSuite.execute(TestNGDirectoryTestSuite.java:99)at org.apache.maven.surefire.testng.TestNGProvider.invoke(TestNGProvider.java:106)at java.base/jdk.internal.reflect.NativeMethodAccessorImpl.invoke0(Native Method)at java.base/jdk.internal.reflect.NativeMethodAccessorImpl.invoke(NativeMethodAccessorImpl.java:62)at java.base/jdk.internal.reflect.DelegatingMethodAccessorImpl.invoke(DelegatingMethodAccessorImpl.java:43)at java.base/java.lang.reflect.Method.invoke(Method.java:564)at org.apache.maven.surefire.util.ReflectionUtils.invokeMethodWithArray(ReflectionUtils.java:189)at org.apache.maven.surefire.booter.ProviderFactory$ProviderProxy.invoke(ProviderFactory.java:165)at org.apache.maven.surefire.booter.ProviderFactory.invokeProvider(ProviderFactory.java:85)at org.apache.maven.surefire.booter.ForkedBooter.runSuitesInProcess(ForkedBooter.java:115)at org.apache.maven.surefire.booter.ForkedBooter.main(ForkedBooter.java:75)]]>
            </full-stacktrace>
          </exception> <!-- java.lang.AssertionError -->
          <reporter-output>
          </reporter-output>
        </test-method> <!-- addAndDeleteAssociate -->
        <test-method is-config="true" signature="navigateToCompaniesPage()[pri:0, instance:CompaniesTest@f1da57d]" started-at="2020-04-13T18:48:38Z" name="navigateToCompaniesPage" description="Navigate to the companies page before every test" finished-at="2020-04-13T18:48:38Z" duration-ms="206" status="PASS">
          <reporter-output>
          </reporter-output>
        </test-method> <!-- navigateToCompaniesPage -->
        <test-method signature="createCompany()[pri:0, instance:CompaniesTest@f1da57d]" started-at="2020-04-13T18:48:38Z" name="createCompany" description="Create company with required data only and verify if appear on the companies list" finished-at="2020-04-13T18:48:41Z" duration-ms="2900" status="PASS">
          <reporter-output>
          </reporter-output>
        </test-method> <!-- createCompany -->
        <test-method is-config="true" signature="navigateToCompaniesPage()[pri:0, instance:CompaniesTest@f1da57d]" started-at="2020-04-13T18:48:41Z" name="navigateToCompaniesPage" description="Navigate to the companies page before every test" finished-at="2020-04-13T18:48:41Z" duration-ms="140" status="PASS">
          <reporter-output>
          </reporter-output>
        </test-method> <!-- navigateToCompaniesPage -->
        <test-method signature="createCompanyWithAllData()[pri:0, instance:CompaniesTest@f1da57d]" started-at="2020-04-13T18:48:41Z" name="createCompanyWithAllData" description="Create company with all data and verify if data appear correctly on the detail page" finished-at="2020-04-13T18:48:47Z" duration-ms="5835" status="PASS">
          <reporter-output>
          </reporter-output>
        </test-method> <!-- createCompanyWithAllData -->
        <test-method is-config="true" signature="navigateToCompaniesPage()[pri:0, instance:CompaniesTest@f1da57d]" started-at="2020-04-13T18:48:47Z" name="navigateToCompaniesPage" description="Navigate to the companies page before every test" finished-at="2020-04-13T18:48:47Z" duration-ms="174" status="PASS">
          <reporter-output>
          </reporter-output>
        </test-method> <!-- navigateToCompaniesPage -->
        <test-method signature="deleteCompany()[pri:0, instance:CompaniesTest@f1da57d]" started-at="2020-04-13T18:48:47Z" name="deleteCompany" description="Delete a company from list" finished-at="2020-04-13T18:49:01Z" duration-ms="13464" status="FAIL">
          <exception class="org.openqa.selenium.TimeoutException">
            <message>
              <![CDATA[Expected condition failed: waiting for visibility of element located by By.cssSelector: section.companies-list (tried for 10 second(s) with 500 MILLISECONDS interval)]]>
            </message>
            <full-stacktrace>
              <![CDATA[org.openqa.selenium.TimeoutException: Expected condition failed: waiting for visibility of element located by By.cssSelector: section.companies-list (tried for 10 second(s) with 500 MILLISECONDS interval)at org.openqa.selenium.support.ui.WebDriverWait.timeoutException(WebDriverWait.java:82)at org.openqa.selenium.support.ui.FluentWait.until(FluentWait.java:231)at page.objects.BasePage.waitUntil(BasePage.java:26)at page.objects.BasePage.<init>(BasePage.java:18)at page.objects.CompaniesPage.<init>(CompaniesPage.java:20)at page.objects.CompanyDetailPage.deleteCompany(CompanyDetailPage.java:40)at CompaniesTest.deleteCompany(CompaniesTest.java:122)at java.base/jdk.internal.reflect.NativeMethodAccessorImpl.invoke0(Native Method)at java.base/jdk.internal.reflect.NativeMethodAccessorImpl.invoke(NativeMethodAccessorImpl.java:62)at java.base/jdk.internal.reflect.DelegatingMethodAccessorImpl.invoke(DelegatingMethodAccessorImpl.java:43)at java.base/java.lang.reflect.Method.invoke(Method.java:564)at org.testng.internal.MethodInvocationHelper.invokeMethod(MethodInvocationHelper.java:124)at org.testng.internal.Invoker.invokeMethod(Invoker.java:571)at org.testng.internal.Invoker.invokeTestMethod(Invoker.java:707)at org.testng.internal.Invoker.invokeTestMethods(Invoker.java:979)at org.testng.internal.TestMethodWorker.invokeTestMethods(TestMethodWorker.java:125)at org.testng.internal.TestMethodWorker.run(TestMethodWorker.java:109)at org.testng.TestRunner.privateRun(TestRunner.java:648)at org.testng.TestRunner.run(TestRunner.java:505)at org.testng.SuiteRunner.runTest(SuiteRunner.java:455)at org.testng.SuiteRunner.runSequentially(SuiteRunner.java:450)at org.testng.SuiteRunner.privateRun(SuiteRunner.java:415)at org.testng.SuiteRunner.run(SuiteRunner.java:364)at org.testng.SuiteRunnerWorker.runSuite(SuiteRunnerWorker.java:52)at org.testng.SuiteRunnerWorker.run(SuiteRunnerWorker.java:84)at org.testng.TestNG.runSuitesSequentially(TestNG.java:1187)at org.testng.TestNG.runSuitesLocally(TestNG.java:1116)at org.testng.TestNG.runSuites(TestNG.java:1028)at org.testng.TestNG.run(TestNG.java:996)at org.apache.maven.surefire.testng.TestNGExecutor.run(TestNGExecutor.java:77)at org.apache.maven.surefire.testng.TestNGDirectoryTestSuite.executeMulti(TestNGDirectoryTestSuite.java:159)at org.apache.maven.surefire.testng.TestNGDirectoryTestSuite.execute(TestNGDirectoryTestSuite.java:99)at org.apache.maven.surefire.testng.TestNGProvider.invoke(TestNGProvider.java:106)at java.base/jdk.internal.reflect.NativeMethodAccessorImpl.invoke0(Native Method)at java.base/jdk.internal.reflect.NativeMethodAccessorImpl.invoke(NativeMethodAccessorImpl.java:62)at java.base/jdk.internal.reflect.DelegatingMethodAccessorImpl.invoke(DelegatingMethodAccessorImpl.java:43)at java.base/java.lang.reflect.Method.invoke(Method.java:564)at org.apache.maven.surefire.util.ReflectionUtils.invokeMethodWithArray(ReflectionUtils.java:189)at org.apache.maven.surefire.booter.ProviderFactory$ProviderProxy.invoke(ProviderFactory.java:165)at org.apache.maven.surefire.booter.ProviderFactory.invokeProvider(ProviderFactory.java:85)at org.apache.maven.surefire.booter.ForkedBooter.runSuitesInProcess(ForkedBooter.java:115)at org.apache.maven.surefire.booter.ForkedBooter.main(ForkedBooter.java:75)Caused by: org.openqa.selenium.NoSuchElementException: Cannot locate an element using By.cssSelector: section.companies-listFor documentation on this error, please visit: http://seleniumhq.org/exceptions/no_such_element.htmlBuild info: version: '3.8.1', revision: '6e95a6684b', time: '2017-12-01T18:33:54.468Z'System info: host: 'Enikos-MacBook-Pro.local', ip: 'fe80:0:0:0:448:a2cd:d926:9d5e%en0', os.name: 'Mac OS X', os.arch: 'x86_64', os.version: '10.13.4', java.version: '10.0.2'Driver info: driver.version: unknownat org.openqa.selenium.support.ui.ExpectedConditions.lambda$findElement$0(ExpectedConditions.java:882)at java.base/java.util.Optional.orElseThrow(Optional.java:397)at org.openqa.selenium.support.ui.ExpectedConditions.findElement(ExpectedConditions.java:881)at org.openqa.selenium.support.ui.ExpectedConditions.access$000(ExpectedConditions.java:43)at org.openqa.selenium.support.ui.ExpectedConditions$7.apply(ExpectedConditions.java:205)at org.openqa.selenium.support.ui.ExpectedConditions$7.apply(ExpectedConditions.java:201)at org.openqa.selenium.support.ui.FluentWait.until(FluentWait.java:208)... 40 more]]>
            </full-stacktrace>
          </exception> <!-- org.openqa.selenium.TimeoutException -->
          <reporter-output>
          </reporter-output>
        </test-method> <!-- deleteCompany -->
        <test-method is-config="true" signature="navigateToCompaniesPage()[pri:0, instance:CompaniesTest@f1da57d]" started-at="2020-04-13T18:49:01Z" name="navigateToCompaniesPage" description="Navigate to the companies page before every test" finished-at="2020-04-13T18:49:01Z" duration-ms="158" status="PASS">
          <reporter-output>
          </reporter-output>
        </test-method> <!-- navigateToCompaniesPage -->
        <test-method signature="moveSlider()[pri:0, instance:CompaniesTest@f1da57d]" started-at="2020-04-13T18:49:01Z" name="moveSlider" description="Move associate slider" finished-at="2020-04-13T18:49:05Z" duration-ms="4665" status="PASS">
          <reporter-output>
          </reporter-output>
        </test-method> <!-- moveSlider -->
        <test-method is-config="true" signature="navigateToCompaniesPage()[pri:0, instance:CompaniesTest@f1da57d]" started-at="2020-04-13T18:49:05Z" name="navigateToCompaniesPage" description="Navigate to the companies page before every test" finished-at="2020-04-13T18:49:06Z" duration-ms="127" status="PASS">
          <reporter-output>
          </reporter-output>
        </test-method> <!-- navigateToCompaniesPage -->
        <test-method signature="validation()[pri:0, instance:CompaniesTest@f1da57d]" started-at="2020-04-13T18:49:06Z" name="validation" description="Should validate the required fields for company creation" finished-at="2020-04-13T18:49:07Z" duration-ms="1594" status="PASS">
          <reporter-output>
          </reporter-output>
        </test-method> <!-- validation -->
        <test-method is-config="true" signature="teardown()[pri:0, instance:CompaniesTest@f1da57d]" started-at="2020-04-13T18:49:07Z" name="teardown" finished-at="2020-04-13T18:49:07Z" duration-ms="129" status="PASS">
          <reporter-output>
          </reporter-output>
        </test-method> <!-- teardown -->
      </class> <!-- CompaniesTest -->
    </test> <!-- Command line test -->
  </suite> <!-- Command line suite -->
</testng-results>
