-------------------------------------------------------------------------------
Test set: TestSuite
-------------------------------------------------------------------------------
Tests run: 6, Failures: 2, Errors: 0, Skipped: 0, Time elapsed: 46.077 sec <<< FAILURE!
addAndDeleteAssociate(CompaniesTest)  Time elapsed: 4.551 sec  <<< FAILURE!
java.lang.AssertionError: The associate number is not correct expected [2] but found [3]
	at org.testng.Assert.fail(Assert.java:96)
	at org.testng.Assert.failNotEquals(Assert.java:776)
	at org.testng.Assert.assertEqualsImpl(Assert.java:137)
	at org.testng.Assert.assertEquals(Assert.java:118)
	at org.testng.Assert.assertEquals(Assert.java:652)
	at CompaniesTest.addAndDeleteAssociate(CompaniesTest.java:160)

deleteCompany(CompaniesTest)  Time elapsed: 13.468 sec  <<< FAILURE!
org.openqa.selenium.TimeoutException: Expected condition failed: waiting for visibility of element located by By.cssSelector: section.companies-list (tried for 10 second(s) with 500 MILLISECONDS interval)
	at org.openqa.selenium.support.ui.WebDriverWait.timeoutException(WebDriverWait.java:82)
	at org.openqa.selenium.support.ui.FluentWait.until(FluentWait.java:231)
	at page.objects.BasePage.waitUntil(BasePage.java:26)
	at page.objects.BasePage.<init>(BasePage.java:18)
	at page.objects.CompaniesPage.<init>(CompaniesPage.java:20)
	at page.objects.CompanyDetailPage.deleteCompany(CompanyDetailPage.java:40)
	at CompaniesTest.deleteCompany(CompaniesTest.java:122)
Caused by: org.openqa.selenium.NoSuchElementException: Cannot locate an element using By.cssSelector: section.companies-list
For documentation on this error, please visit: http://seleniumhq.org/exceptions/no_such_element.html
Build info: version: '3.8.1', revision: '6e95a6684b', time: '2017-12-01T18:33:54.468Z'
System info: host: 'Enikos-MacBook-Pro.local', ip: 'fe80:0:0:0:448:a2cd:d926:9d5e%en0', os.name: 'Mac OS X', os.arch: 'x86_64', os.version: '10.13.4', java.version: '10.0.2'
Driver info: driver.version: unknown
	at org.openqa.selenium.support.ui.ExpectedConditions.lambda$findElement$0(ExpectedConditions.java:882)
	at java.base/java.util.Optional.orElseThrow(Optional.java:397)
	at org.openqa.selenium.support.ui.ExpectedConditions.findElement(ExpectedConditions.java:881)
	at org.openqa.selenium.support.ui.ExpectedConditions.access$000(ExpectedConditions.java:43)
	at org.openqa.selenium.support.ui.ExpectedConditions$7.apply(ExpectedConditions.java:205)
	at org.openqa.selenium.support.ui.ExpectedConditions$7.apply(ExpectedConditions.java:201)
	at org.openqa.selenium.support.ui.FluentWait.until(FluentWait.java:208)
	... 40 more

